<?xml version="1.0" encoding="UTF-8"?>
<!-- Generated by org.testng.reporters.JUnitReportReporter -->
<testsuite hostname="test-PC" name="com.oc.testng.LoginTestng" tests="2" failures="0" timestamp="1 Apr 2017 09:50:18 GMT" time="3.514" errors="0">
  <testcase name="LogOut" time="3.013" classname="com.oc.testng.LoginTestng"/>
  <testcase name="LoginA" time="0.501" classname="com.oc.testng.LoginTestng"/>
</testsuite> <!-- com.oc.testng.LoginTestng -->
