<?xml version="1.0" encoding="UTF-8"?>
<!-- Generated by org.testng.reporters.JUnitReportReporter -->
<testsuite hostname="test-PC" name="com.oc.testng.oc_process" tests="2" failures="0" timestamp="12 Apr 2017 09:01:15 GMT" time="33.893" errors="0">
  <testcase name="LoginA" time="0.347" classname="com.oc.testng.oc_process"/>
  <testcase name="AuditAllot_pos" time="33.546" classname="com.oc.testng.oc_process"/>
</testsuite> <!-- com.oc.testng.oc_process -->
