<?xml version="1.0" encoding="UTF-8"?>
<!-- Generated by org.testng.reporters.JUnitReportReporter -->
<testsuite hostname="test-PC" name="com.sa.testng.Sa" tests="2" failures="0" timestamp="14 Apr 2017 10:32:22 GMT" time="25.090" errors="0">
  <testcase name="NewApply" time="24.424" classname="com.sa.testng.Sa"/>
  <testcase name="Login" time="0.666" classname="com.sa.testng.Sa"/>
</testsuite> <!-- com.sa.testng.Sa -->
