<?xml version="1.0" encoding="UTF-8"?>
<!-- Generated by org.testng.reporters.JUnitReportReporter -->
<testsuite hostname="test-PC" name="com.oc.testng.OcProcess" tests="9" failures="0" timestamp="14 Apr 2017 10:00:19 GMT" time="230.990" errors="0">
  <testcase name="AuditAllot_pos" time="17.903" classname="com.oc.testng.OcProcess"/>
  <testcase name="ExpertAllot_pos" time="19.762" classname="com.oc.testng.OcProcess"/>
  <testcase name="ExpertAudit_cash" time="30.840" classname="com.oc.testng.OcProcess"/>
  <testcase name="ManualAudit_cash" time="46.642" classname="com.oc.testng.OcProcess"/>
  <testcase name="AuditAllot_cash" time="14.658" classname="com.oc.testng.OcProcess"/>
  <testcase name="ExpertAllot_cash" time="19.742" classname="com.oc.testng.OcProcess"/>
  <testcase name="Login" time="0.554" classname="com.oc.testng.OcProcess"/>
  <testcase name="ExpertAudit_pos" time="30.465" classname="com.oc.testng.OcProcess"/>
  <testcase name="ManualAudit_pos" time="50.424" classname="com.oc.testng.OcProcess"/>
</testsuite> <!-- com.oc.testng.OcProcess -->
