<?xml version="1.0" encoding="UTF-8"?>
<!-- Generated by org.testng.reporters.JUnitReportReporter -->
<testsuite hostname="test-PC" name="com.sa.testng.Sa" tests="5" failures="0" timestamp="18 Apr 2017 03:09:02 GMT" time="140.972" errors="0">
  <testcase name="NewApply" time="23.471" classname="com.sa.testng.Sa"/>
  <testcase name="Upload" time="18.909" classname="com.sa.testng.Sa"/>
  <testcase name="Login" time="0.807" classname="com.sa.testng.Sa"/>
  <testcase name="BasicInfo" time="83.144" classname="com.sa.testng.Sa"/>
  <testcase name="LoanInfo" time="14.641" classname="com.sa.testng.Sa"/>
</testsuite> <!-- com.sa.testng.Sa -->
