<?xml version="1.0" encoding="UTF-8"?>
<!-- Generated by org.testng.reporters.JUnitReportReporter -->
<testsuite hostname="test-PC" name="com.oc.testng.OcProcess" tests="5" failures="0" timestamp="13 Apr 2017 06:50:38 GMT" time="117.148" errors="0">
  <testcase name="AuditAllot_pos" time="17.094" classname="com.oc.testng.OcProcess"/>
  <testcase name="ExpertAllot_pos" time="19.449" classname="com.oc.testng.OcProcess"/>
  <testcase name="ExpertAudit_pos" time="30.731" classname="com.oc.testng.OcProcess"/>
  <testcase name="LoginA" time="0.336" classname="com.oc.testng.OcProcess"/>
  <testcase name="ManualAudit_pos" time="49.538" classname="com.oc.testng.OcProcess"/>
</testsuite> <!-- com.oc.testng.OcProcess -->
