<?xml version="1.0" encoding="UTF-8"?>
<!-- Generated by org.testng.reporters.JUnitReportReporter -->
<testsuite hostname="test-PC" name="com.oc.testng.Testng" tests="2" failures="0" timestamp="9 Apr 2017 07:34:51 GMT" time="49.492" errors="0">
  <testcase name="AppQuery" time="48.856" classname="com.oc.testng.Testng"/>
  <testcase name="LoginA" time="0.636" classname="com.oc.testng.Testng"/>
</testsuite> <!-- com.oc.testng.Testng -->
