<?xml version="1.0" encoding="UTF-8"?>
<!-- Generated by org.testng.reporters.JUnitReportReporter -->
<testsuite hostname="test-PC" name="com.oc.testng.OcProcess" tests="5" failures="0" timestamp="13 Apr 2017 07:47:42 GMT" time="111.123" errors="0">
  <testcase name="ExpertAudit_cash" time="27.556" classname="com.oc.testng.OcProcess"/>
  <testcase name="AuditAllot_cash" time="17.197" classname="com.oc.testng.OcProcess"/>
  <testcase name="LoginA" time="0.570" classname="com.oc.testng.OcProcess"/>
  <testcase name="ExpertAllot_cash" time="19.346" classname="com.oc.testng.OcProcess"/>
  <testcase name="ManualAudit_cash" time="46.454" classname="com.oc.testng.OcProcess"/>
</testsuite> <!-- com.oc.testng.OcProcess -->
